2018-12-03 01:33:18,517 | jongdal | INFO | 1.Crawl start 2.View crawl site 3.Quit
2018-12-03 01:33:52,744 | jongdal | INFO | 1.Crawl start 2.View crawl site 3.Quit
2018-12-03 01:34:09,106 | jongdal | INFO | 1.Crawl start 2.View crawl site 3.Quit
2018-12-03 01:34:40,956 | jongdal | INFO | 1.Crawl start 2.View crawl site 3.Quit
2018-12-03 01:34:43,698 | jongdal | INFO | 1.Crawl start 2.View crawl site 3.Quit
2018-12-03 01:36:05,285 | jongdal | INFO | Depth : 
2018-12-03 01:36:43,610 | jongdal | INFO | Depth : 
2018-12-03 01:37:09,420 | jongdal | INFO | Depth : 
2018-12-03 01:37:52,058 | jongdal | INFO | Depth : 
2018-12-03 01:37:53,584 | jongdal | INFO |  Working depth : 1 | start parsing url : http://www.inven.co.kr
2018-12-03 01:37:54,959 | jongdal | INFO |  Working depth : 1 | end parsing url : http://www.inven.co.kr
2018-12-03 01:37:54,959 | jongdal | INFO |  Working depth : 1 | end parsing url : http://www.inven.co.kr
2018-12-03 01:38:21,459 | jongdal | INFO | Depth : 
2018-12-03 01:38:22,968 | jongdal | INFO |  Working depth : 1 | start parsing url : http://www.inven.co.kr
2018-12-03 01:38:24,165 | jongdal | INFO |  Working depth : 1 | end parsing url : http://www.inven.co.kr
2018-12-03 01:38:24,165 | jongdal | INFO |  Working depth : 1 | end parsing url : http://www.inven.co.kr
2018-12-03 01:40:06,606 | jongdal | INFO | Depth : 
2018-12-03 01:40:08,076 | jongdal | INFO |  Working depth : 1 | start parsing url : http://www.inven.co.kr
2018-12-03 01:40:09,340 | jongdal | INFO |  Working depth : 1 | end parsing url : http://www.inven.co.kr
2018-12-03 01:40:09,340 | jongdal | INFO |  Working depth : 1 | end parsing url : http://www.inven.co.kr
2018-12-03 01:40:52,755 | jongdal | INFO | Depth : 
2018-12-03 01:40:54,298 | jongdal | INFO |  Working depth : 1 | start parsing url : https://acmc.gov.au/
2018-12-03 01:40:56,657 | jongdal | INFO |  Working depth : 1 | end parsing url : https://acmc.gov.au/
2018-12-03 01:40:56,657 | jongdal | INFO |  Working depth : 1 | end parsing url : https://acmc.gov.au/
2018-12-03 01:41:10,633 | jongdal | INFO | Depth : 
2018-12-03 01:41:12,439 | jongdal | INFO |  Working depth : 1 | start parsing url : https://acmc.gov.au/
2018-12-03 01:41:14,390 | jongdal | INFO |  Working depth : 1 | end parsing url : https://acmc.gov.au/
2018-12-03 01:41:14,390 | jongdal | INFO |  Working depth : 1 | end parsing url : https://acmc.gov.au/
2018-12-03 01:41:15,750 | jongdal | INFO |  Working depth : 2 | start parsing url : acmc.gov.au
2018-12-03 01:41:15,751 | jongdal | ERROR | unknown url type: 'acmc.gov.au'
2018-12-03 01:41:15,751 | jongdal | ERROR | unknown url type: 'acmc.gov.au'
2018-12-03 01:41:15,752 | jongdal | ERROR | 'NoneType' object is not iterable
2018-12-03 01:41:15,752 | jongdal | ERROR | 'NoneType' object is not iterable
2018-12-03 01:41:15,753 | jongdal | INFO |  Working depth : 2 | end parsing url : acmc.gov.au
2018-12-03 01:41:15,753 | jongdal | INFO |  Working depth : 2 | end parsing url : acmc.gov.au
2018-12-03 01:42:40,265 | jongdal | INFO | Depth : 
2018-12-03 01:42:41,907 | jongdal | INFO |  Working depth : 1 | start parsing url : https://acmc.gov.au/
2018-12-03 01:42:43,874 | jongdal | INFO |  Working depth : 1 | end parsing url : https://acmc.gov.au/
2018-12-03 01:42:43,874 | jongdal | INFO |  Working depth : 1 | end parsing url : https://acmc.gov.au/
2018-12-03 01:42:45,251 | jongdal | INFO |  Working depth : 2 | start parsing url : https://acmc.gov.au//why-were-here/civil-military-police-coordination
2018-12-03 01:42:45,365 | jongdal | INFO |  Working depth : 2 | start parsing url : https://acmc.gov.au//freedom-of-information
2018-12-03 01:42:45,501 | jongdal | INFO |  Working depth : 2 | start parsing url : https://acmc.gov.au//sites/default/files/css/css_VoWiKX-64SprhFNhykK8qUBc0Ah0edRoE94Qxp74c3c.css?piz8vu
2018-12-03 01:42:45,674 | jongdal | INFO |  Working depth : 2 | start parsing url : https://acmc.gov.au//careers
2018-12-03 01:42:45,855 | jongdal | INFO |  Working depth : 2 | start parsing url : https://acmc.gov.au//contact-acmc
2018-12-03 01:42:46,040 | jongdal | INFO |  Working depth : 2 | start parsing url : https://acmc.gov.au//search/topics/humanitarian-action
2018-12-03 01:42:46,209 | jongdal | INFO |  Working depth : 2 | start parsing url : https://acmc.gov.au//who-we-are/our-structure/concepts-and-capability-directorate
2018-12-03 01:42:46,266 | jongdal | INFO |  Working depth : 2 | start parsing url : https://acmc.gov.au//what-we-do/leading-conversations
2018-12-03 01:42:46,395 | jongdal | INFO |  Working depth : 2 | start parsing url : https://acmc.gov.au//search/topics/women-peace-and-security
2018-12-03 01:42:46,552 | jongdal | INFO |  Working depth : 2 | start parsing url : https://acmc.gov.au//what-we-do/building-knowledge
2018-12-03 01:42:46,693 | jongdal | INFO |  Working depth : 2 | start parsing url : https://acmc.gov.au//how-we-do-it/workshops-and-events
2018-12-03 01:42:46,986 | jongdal | INFO |  Working depth : 2 | start parsing url : https://acmc.gov.au//news/australian-assistance-philippines-beyond-here-and-now
2018-12-03 01:42:47,143 | jongdal | INFO |  Working depth : 2 | start parsing url : https://acmc.gov.au//resources/publications/australian-national-action-plan-women-peace-and-security-2012-2018
2018-12-03 01:42:47,370 | jongdal | INFO |  Working depth : 2 | start parsing url : https://acmc.gov.au//sites/default/files/css/css_Uoq-G5a2y5qOOwIK8sZeRI2qqF0mG05bBLdt-dKXjJc.css?piz8vu
2018-12-03 01:42:47,499 | jongdal | INFO |  Working depth : 2 | start parsing url : https://acmc.gov.au//what-we-do/building-capability/exercises
2018-12-03 01:42:47,629 | jongdal | INFO |  Working depth : 2 | start parsing url : https://acmc.gov.au//who-we-are/our-structure/business-operations-and-governance-directorate
2018-12-03 01:42:47,746 | jongdal | INFO |  Working depth : 2 | start parsing url : https://acmc.gov.au//resources/publications/authors/sarah-shteir
2018-12-03 01:42:47,945 | jongdal | INFO |  Working depth : 2 | start parsing url : https://acmc.gov.au//resources/publications/women-peace-and-security-reflections-australian-male-leaders
2018-12-03 01:42:47,968 | jongdal | INFO |  Working depth : 2 | end parsing url : https://acmc.gov.au//sites/default/files/css/css_VoWiKX-64SprhFNhykK8qUBc0Ah0edRoE94Qxp74c3c.css?piz8vu
2018-12-03 01:42:47,968 | jongdal | INFO |  Working depth : 2 | end parsing url : https://acmc.gov.au//sites/default/files/css/css_VoWiKX-64SprhFNhykK8qUBc0Ah0edRoE94Qxp74c3c.css?piz8vu
2018-12-03 01:42:48,145 | jongdal | INFO |  Working depth : 2 | start parsing url : https://acmc.gov.au//feedback
2018-12-03 01:42:48,232 | jongdal | INFO |  Working depth : 2 | start parsing url : https://acmc.gov.au//search/topics/innovation-and-new-partnerships
2018-12-03 01:42:48,367 | jongdal | INFO |  Working depth : 2 | start parsing url : https://acmc.gov.au//
2018-12-03 01:42:48,494 | jongdal | INFO |  Working depth : 2 | start parsing url : https://acmc.gov.au//search/topics/civ-mil-interactionsrelations
2018-12-03 01:42:48,643 | jongdal | INFO |  Working depth : 2 | end parsing url : https://acmc.gov.au//freedom-of-information
2018-12-03 01:42:48,643 | jongdal | INFO |  Working depth : 2 | start parsing url : https://acmc.gov.au//search/topics/preparedness
2018-12-03 01:42:48,643 | jongdal | INFO |  Working depth : 2 | end parsing url : https://acmc.gov.au//freedom-of-information
2018-12-03 01:42:48,662 | jongdal | INFO |  Working depth : 2 | end parsing url : https://acmc.gov.au//why-were-here/civil-military-police-coordination
2018-12-03 01:42:48,662 | jongdal | INFO |  Working depth : 2 | end parsing url : https://acmc.gov.au//why-were-here/civil-military-police-coordination
2018-12-03 01:42:48,863 | jongdal | INFO |  Working depth : 2 | start parsing url : https://acmc.gov.au//who-we-are/our-structure/international-and-domestic-engagement-directorate
2018-12-03 01:42:49,038 | jongdal | INFO |  Working depth : 2 | end parsing url : https://acmc.gov.au//careers
2018-12-03 01:42:49,038 | jongdal | INFO |  Working depth : 2 | end parsing url : https://acmc.gov.au//careers
2018-12-03 01:42:49,085 | jongdal | INFO |  Working depth : 2 | end parsing url : https://acmc.gov.au//sites/default/files/css/css_Uoq-G5a2y5qOOwIK8sZeRI2qqF0mG05bBLdt-dKXjJc.css?piz8vu
2018-12-03 01:42:49,085 | jongdal | INFO |  Working depth : 2 | end parsing url : https://acmc.gov.au//sites/default/files/css/css_Uoq-G5a2y5qOOwIK8sZeRI2qqF0mG05bBLdt-dKXjJc.css?piz8vu
2018-12-03 01:42:49,156 | jongdal | INFO |  Working depth : 2 | start parsing url : https://acmc.gov.au//resources
2018-12-03 01:42:49,194 | jongdal | INFO |  Working depth : 2 | start parsing url : https://acmc.gov.au//who-we-are/our-structure/advisors-and-seconded-personnel
2018-12-03 01:42:49,326 | jongdal | INFO |  Working depth : 2 | start parsing url : https://acmc.gov.au/resources/publications
2018-12-03 01:42:49,428 | jongdal | INFO |  Working depth : 2 | start parsing url : https://acmc.gov.au//sites/default/files/css/css_R_6vm3WffQ760L7tOso1MrCvb2yhkuMBF96k0UhZ_dw.css?piz8vu
2018-12-03 01:42:49,529 | jongdal | INFO |  Working depth : 2 | end parsing url : https://acmc.gov.au//who-we-are/our-structure/concepts-and-capability-directorate
2018-12-03 01:42:49,529 | jongdal | INFO |  Working depth : 2 | end parsing url : https://acmc.gov.au//who-we-are/our-structure/concepts-and-capability-directorate
2018-12-03 01:42:49,558 | jongdal | INFO |  Working depth : 2 | start parsing url : https://acmc.gov.au//privacy
2018-12-03 01:42:49,619 | jongdal | INFO |  Working depth : 2 | end parsing url : https://acmc.gov.au//search/topics/humanitarian-action
2018-12-03 01:42:49,619 | jongdal | INFO |  Working depth : 2 | end parsing url : https://acmc.gov.au//search/topics/humanitarian-action
2018-12-03 01:42:49,682 | jongdal | INFO |  Working depth : 2 | end parsing url : https://acmc.gov.au//search/topics/women-peace-and-security
2018-12-03 01:42:49,682 | jongdal | INFO |  Working depth : 2 | end parsing url : https://acmc.gov.au//search/topics/women-peace-and-security
2018-12-03 01:42:49,707 | jongdal | INFO |  Working depth : 2 | end parsing url : https://acmc.gov.au//what-we-do/leading-conversations
2018-12-03 01:42:49,707 | jongdal | INFO |  Working depth : 2 | end parsing url : https://acmc.gov.au//what-we-do/leading-conversations
2018-12-03 01:42:49,841 | jongdal | INFO |  Working depth : 2 | end parsing url : https://acmc.gov.au//what-we-do/building-knowledge
2018-12-03 01:42:49,841 | jongdal | INFO |  Working depth : 2 | end parsing url : https://acmc.gov.au//what-we-do/building-knowledge
2018-12-03 01:42:49,901 | jongdal | INFO |  Working depth : 2 | start parsing url : https://acmc.gov.au//themes/custom/acmc/favicon.ico
2018-12-03 01:42:49,922 | jongdal | INFO |  Working depth : 2 | end parsing url : https://acmc.gov.au//how-we-do-it/workshops-and-events
2018-12-03 01:42:49,922 | jongdal | INFO |  Working depth : 2 | end parsing url : https://acmc.gov.au//how-we-do-it/workshops-and-events
2018-12-03 01:42:50,003 | jongdal | INFO |  Working depth : 2 | start parsing url : https://acmc.gov.au//search/topics/civil-military-police-interaction
2018-12-03 01:42:50,161 | jongdal | INFO |  Working depth : 2 | end parsing url : https://acmc.gov.au//news/australian-assistance-philippines-beyond-here-and-now
2018-12-03 01:42:50,161 | jongdal | INFO |  Working depth : 2 | end parsing url : https://acmc.gov.au//news/australian-assistance-philippines-beyond-here-and-now
2018-12-03 01:42:50,641 | jongdal | INFO |  Working depth : 2 | end parsing url : https://acmc.gov.au//resources/publications/australian-national-action-plan-women-peace-and-security-2012-2018
2018-12-03 01:42:50,641 | jongdal | INFO |  Working depth : 2 | end parsing url : https://acmc.gov.au//resources/publications/australian-national-action-plan-women-peace-and-security-2012-2018
2018-12-03 01:42:50,816 | jongdal | INFO |  Working depth : 2 | end parsing url : https://acmc.gov.au//contact-acmc
2018-12-03 01:42:50,816 | jongdal | INFO |  Working depth : 2 | end parsing url : https://acmc.gov.au//contact-acmc
2018-12-03 01:42:50,918 | jongdal | INFO |  Working depth : 2 | end parsing url : https://acmc.gov.au//sites/default/files/css/css_R_6vm3WffQ760L7tOso1MrCvb2yhkuMBF96k0UhZ_dw.css?piz8vu
2018-12-03 01:42:50,918 | jongdal | INFO |  Working depth : 2 | end parsing url : https://acmc.gov.au//sites/default/files/css/css_R_6vm3WffQ760L7tOso1MrCvb2yhkuMBF96k0UhZ_dw.css?piz8vu
2018-12-03 01:42:51,040 | jongdal | INFO |  Working depth : 2 | end parsing url : https://acmc.gov.au//who-we-are/our-structure/business-operations-and-governance-directorate
2018-12-03 01:42:51,040 | jongdal | INFO |  Working depth : 2 | end parsing url : https://acmc.gov.au//who-we-are/our-structure/business-operations-and-governance-directorate
2018-12-03 01:42:51,063 | jongdal | INFO |  Working depth : 2 | end parsing url : https://acmc.gov.au//what-we-do/building-capability/exercises
2018-12-03 01:42:51,063 | jongdal | INFO |  Working depth : 2 | end parsing url : https://acmc.gov.au//what-we-do/building-capability/exercises
2018-12-03 01:42:51,154 | jongdal | INFO |  Working depth : 2 | end parsing url : https://acmc.gov.au//resources/publications/authors/sarah-shteir
2018-12-03 01:42:51,154 | jongdal | INFO |  Working depth : 2 | end parsing url : https://acmc.gov.au//resources/publications/authors/sarah-shteir
2018-12-03 01:42:51,196 | jongdal | INFO |  Working depth : 2 | end parsing url : https://acmc.gov.au//themes/custom/acmc/favicon.ico
2018-12-03 01:42:51,196 | jongdal | INFO |  Working depth : 2 | end parsing url : https://acmc.gov.au//themes/custom/acmc/favicon.ico
2018-12-03 01:42:51,408 | jongdal | INFO |  Working depth : 2 | end parsing url : https://acmc.gov.au//resources/publications/women-peace-and-security-reflections-australian-male-leaders
2018-12-03 01:42:51,408 | jongdal | INFO |  Working depth : 2 | end parsing url : https://acmc.gov.au//resources/publications/women-peace-and-security-reflections-australian-male-leaders
2018-12-03 01:42:51,470 | jongdal | INFO |  Working depth : 2 | end parsing url : https://acmc.gov.au/resources/publications
2018-12-03 01:42:51,470 | jongdal | INFO |  Working depth : 2 | end parsing url : https://acmc.gov.au/resources/publications
2018-12-03 01:42:51,811 | jongdal | INFO |  Working depth : 2 | end parsing url : https://acmc.gov.au//
2018-12-03 01:42:51,811 | jongdal | INFO |  Working depth : 2 | end parsing url : https://acmc.gov.au//
2018-12-03 01:42:51,833 | jongdal | INFO |  Working depth : 2 | end parsing url : https://acmc.gov.au//search/topics/innovation-and-new-partnerships
2018-12-03 01:42:51,833 | jongdal | INFO |  Working depth : 2 | end parsing url : https://acmc.gov.au//search/topics/innovation-and-new-partnerships
2018-12-03 01:42:51,975 | jongdal | INFO |  Working depth : 2 | end parsing url : https://acmc.gov.au//search/topics/civ-mil-interactionsrelations
2018-12-03 01:42:51,975 | jongdal | INFO |  Working depth : 2 | end parsing url : https://acmc.gov.au//search/topics/civ-mil-interactionsrelations
2018-12-03 01:42:51,990 | jongdal | INFO |  Working depth : 2 | end parsing url : https://acmc.gov.au//search/topics/preparedness
2018-12-03 01:42:51,990 | jongdal | INFO |  Working depth : 2 | end parsing url : https://acmc.gov.au//search/topics/preparedness
2018-12-03 01:42:52,241 | jongdal | INFO |  Working depth : 2 | end parsing url : https://acmc.gov.au//who-we-are/our-structure/international-and-domestic-engagement-directorate
2018-12-03 01:42:52,241 | jongdal | INFO |  Working depth : 2 | end parsing url : https://acmc.gov.au//who-we-are/our-structure/international-and-domestic-engagement-directorate
2018-12-03 01:42:52,398 | jongdal | INFO |  Working depth : 2 | end parsing url : https://acmc.gov.au//resources
2018-12-03 01:42:52,398 | jongdal | INFO |  Working depth : 2 | end parsing url : https://acmc.gov.au//resources
2018-12-03 01:42:52,477 | jongdal | INFO |  Working depth : 2 | end parsing url : https://acmc.gov.au//who-we-are/our-structure/advisors-and-seconded-personnel
2018-12-03 01:42:52,477 | jongdal | INFO |  Working depth : 2 | end parsing url : https://acmc.gov.au//who-we-are/our-structure/advisors-and-seconded-personnel
2018-12-03 01:42:52,619 | jongdal | INFO |  Working depth : 2 | end parsing url : https://acmc.gov.au//feedback
2018-12-03 01:42:52,619 | jongdal | INFO |  Working depth : 2 | end parsing url : https://acmc.gov.au//feedback
2018-12-03 01:42:52,702 | jongdal | INFO |  Working depth : 2 | end parsing url : https://acmc.gov.au//privacy
2018-12-03 01:42:52,702 | jongdal | INFO |  Working depth : 2 | end parsing url : https://acmc.gov.au//privacy
2018-12-03 01:42:53,051 | jongdal | INFO |  Working depth : 2 | end parsing url : https://acmc.gov.au//search/topics/civil-military-police-interaction
2018-12-03 01:42:53,051 | jongdal | INFO |  Working depth : 2 | end parsing url : https://acmc.gov.au//search/topics/civil-military-police-interaction
2018-12-03 01:44:35,744 | jongdal | INFO | Depth : 
2018-12-03 01:44:37,524 | jongdal | INFO |  Working depth : 1 | start parsing url : https://acmc.gov.au/
2018-12-03 01:44:39,490 | jongdal | INFO |  Working depth : 1 | end parsing url : https://acmc.gov.au/
2018-12-03 01:44:39,490 | jongdal | INFO |  Working depth : 1 | end parsing url : https://acmc.gov.au/
2018-12-03 01:44:40,897 | jongdal | INFO |  Working depth : 2 | start parsing url : https://acmc.gov.au//how-we-do-it/building-capability/australian-interagency-preparedness-framework/success-factors
2018-12-03 01:44:41,012 | jongdal | INFO |  Working depth : 2 | start parsing url : https://acmc.gov.au//why-were-here/innovation-and-new-partnerships
2018-12-03 01:44:41,188 | jongdal | INFO |  Working depth : 2 | start parsing url : https://acmc.gov.au//search/audiences/defence
2018-12-03 01:44:41,304 | jongdal | INFO |  Working depth : 2 | start parsing url : https://acmc.gov.au//how-we-do-it/building-capability/australian-interagency-preparedness-framework/aipf-overview
2018-12-03 01:44:41,449 | jongdal | INFO |  Working depth : 2 | start parsing url : https://acmc.gov.au//news/australia-hosts-cambodias-defence-white-paper-team
2018-12-03 01:44:41,610 | jongdal | INFO |  Working depth : 2 | start parsing url : https://acmc.gov.au//what-we-do/building-capability/australian-interagency-preparedness-framework/aipf-interagency
2018-12-03 01:44:41,723 | jongdal | INFO |  Working depth : 2 | start parsing url : https://acmc.gov.au//search/topics/disaster-management
2018-12-03 01:44:41,857 | jongdal | INFO |  Working depth : 2 | start parsing url : https://acmc.gov.au//what-we-do
2018-12-03 01:44:41,998 | jongdal | INFO |  Working depth : 2 | start parsing url : https://acmc.gov.au//search/topics/international-relations
2018-12-03 01:44:42,216 | jongdal | INFO |  Working depth : 2 | start parsing url : https://acmc.gov.au//search/topics/innovation-and-new-partnerships
2018-12-03 01:44:42,356 | jongdal | INFO |  Working depth : 2 | start parsing url : https://acmc.gov.au//search/topics/civil-military-police-interaction
2018-12-03 01:44:42,533 | jongdal | INFO |  Working depth : 2 | start parsing url : https://acmc.gov.au//news
2018-12-03 01:44:42,676 | jongdal | INFO |  Working depth : 2 | start parsing url : https://acmc.gov.au//home
2018-12-03 01:44:42,784 | jongdal | INFO |  Working depth : 2 | start parsing url : https://acmc.gov.au//what-we-do/building-knowledge
2018-12-03 01:44:42,914 | jongdal | INFO |  Working depth : 2 | start parsing url : https://acmc.gov.au//what-we-do/building-capability/australian-interagency-preparedness-framework
2018-12-03 01:44:43,171 | jongdal | INFO |  Working depth : 2 | start parsing url : https://acmc.gov.au/resources/publications
2018-12-03 01:44:43,317 | jongdal | INFO |  Working depth : 2 | start parsing url : https://acmc.gov.au//how-we-do-it/workshops-and-events
2018-12-03 01:44:43,408 | jongdal | INFO |  Working depth : 2 | start parsing url : https://acmc.gov.au//accessibility
2018-12-03 01:44:43,585 | jongdal | INFO |  Working depth : 2 | start parsing url : https://acmc.gov.au//resources/publications/women-peace-and-security-reflections-australian-male-leaders
2018-12-03 01:44:43,722 | jongdal | INFO |  Working depth : 2 | start parsing url : https://acmc.gov.au//search/topics/humanitarian-action
2018-12-03 01:44:43,850 | jongdal | INFO |  Working depth : 2 | start parsing url : https://acmc.gov.au//why-were-here/international-responses
2018-12-03 01:44:44,011 | jongdal | INFO |  Working depth : 2 | start parsing url : https://acmc.gov.au//search/topics/leadership
2018-12-03 01:44:44,161 | jongdal | INFO |  Working depth : 2 | start parsing url : https://acmc.gov.au//resources
2018-12-03 01:44:44,234 | jongdal | INFO |  Working depth : 2 | end parsing url : https://acmc.gov.au//why-were-here/innovation-and-new-partnerships
2018-12-03 01:44:44,234 | jongdal | INFO |  Working depth : 2 | end parsing url : https://acmc.gov.au//why-were-here/innovation-and-new-partnerships
2018-12-03 01:44:44,245 | jongdal | INFO |  Working depth : 2 | end parsing url : https://acmc.gov.au//how-we-do-it/building-capability/australian-interagency-preparedness-framework/success-factors
2018-12-03 01:44:44,245 | jongdal | INFO |  Working depth : 2 | end parsing url : https://acmc.gov.au//how-we-do-it/building-capability/australian-interagency-preparedness-framework/success-factors
2018-12-03 01:44:44,446 | jongdal | INFO |  Working depth : 2 | start parsing url : https://acmc.gov.au//resources/publications/authors/vanda-harris
2018-12-03 01:44:44,569 | jongdal | INFO |  Working depth : 2 | end parsing url : https://acmc.gov.au//how-we-do-it/building-capability/australian-interagency-preparedness-framework/aipf-overview
2018-12-03 01:44:44,569 | jongdal | INFO |  Working depth : 2 | end parsing url : https://acmc.gov.au//how-we-do-it/building-capability/australian-interagency-preparedness-framework/aipf-overview
2018-12-03 01:44:44,580 | jongdal | INFO |  Working depth : 2 | end parsing url : https://acmc.gov.au//search/audiences/defence
2018-12-03 01:44:44,580 | jongdal | INFO |  Working depth : 2 | end parsing url : https://acmc.gov.au//search/audiences/defence
2018-12-03 01:44:44,627 | jongdal | INFO |  Working depth : 2 | start parsing url : https://acmc.gov.au//resources/publications/australian-national-action-plan-women-peace-and-security-2012-2018
2018-12-03 01:44:44,680 | jongdal | INFO |  Working depth : 2 | start parsing url : https://acmc.gov.au//internship-program
2018-12-03 01:44:44,715 | jongdal | INFO |  Working depth : 2 | end parsing url : https://acmc.gov.au//news/australia-hosts-cambodias-defence-white-paper-team
2018-12-03 01:44:44,715 | jongdal | INFO |  Working depth : 2 | end parsing url : https://acmc.gov.au//news/australia-hosts-cambodias-defence-white-paper-team
2018-12-03 01:44:44,755 | jongdal | INFO |  Working depth : 2 | start parsing url : https://acmc.gov.au//themes/custom/acmc/favicon.ico
2018-12-03 01:44:44,921 | jongdal | INFO |  Working depth : 2 | start parsing url : https://acmc.gov.au//careers/current-vacancies
2018-12-03 01:44:44,990 | jongdal | INFO |  Working depth : 2 | end parsing url : https://acmc.gov.au//what-we-do/building-capability/australian-interagency-preparedness-framework/aipf-interagency
2018-12-03 01:44:44,990 | jongdal | INFO |  Working depth : 2 | end parsing url : https://acmc.gov.au//what-we-do/building-capability/australian-interagency-preparedness-framework/aipf-interagency
2018-12-03 01:44:45,104 | jongdal | INFO |  Working depth : 2 | start parsing url : https://acmc.gov.au//what-we-do/building-capability/exercises
2018-12-03 01:44:45,170 | jongdal | INFO |  Working depth : 2 | end parsing url : https://acmc.gov.au//what-we-do
2018-12-03 01:44:45,170 | jongdal | INFO |  Working depth : 2 | end parsing url : https://acmc.gov.au//what-we-do
2018-12-03 01:44:45,189 | jongdal | INFO |  Working depth : 2 | end parsing url : https://acmc.gov.au//search/topics/disaster-management
2018-12-03 01:44:45,189 | jongdal | INFO |  Working depth : 2 | end parsing url : https://acmc.gov.au//search/topics/disaster-management
2018-12-03 01:44:45,284 | jongdal | INFO |  Working depth : 2 | start parsing url : https://acmc.gov.au//what-we-do/building-capability/lessons-and-evaluations
2018-12-03 01:44:45,378 | jongdal | INFO |  Working depth : 2 | start parsing url : https://acmc.gov.au//why-were-here/leadership
2018-12-03 01:44:45,386 | jongdal | INFO |  Working depth : 2 | end parsing url : https://acmc.gov.au/resources/publications
2018-12-03 01:44:45,386 | jongdal | INFO |  Working depth : 2 | end parsing url : https://acmc.gov.au/resources/publications
2018-12-03 01:44:45,402 | jongdal | INFO |  Working depth : 2 | end parsing url : https://acmc.gov.au//search/topics/international-relations
2018-12-03 01:44:45,402 | jongdal | INFO |  Working depth : 2 | end parsing url : https://acmc.gov.au//search/topics/international-relations
2018-12-03 01:44:45,498 | jongdal | INFO |  Working depth : 2 | end parsing url : https://acmc.gov.au//search/topics/innovation-and-new-partnerships
2018-12-03 01:44:45,498 | jongdal | INFO |  Working depth : 2 | end parsing url : https://acmc.gov.au//search/topics/innovation-and-new-partnerships
2018-12-03 01:44:45,672 | jongdal | INFO |  Working depth : 2 | end parsing url : https://acmc.gov.au//search/topics/civil-military-police-interaction
2018-12-03 01:44:45,672 | jongdal | INFO |  Working depth : 2 | end parsing url : https://acmc.gov.au//search/topics/civil-military-police-interaction
2018-12-03 01:44:45,833 | jongdal | INFO |  Working depth : 2 | end parsing url : https://acmc.gov.au//news
2018-12-03 01:44:45,833 | jongdal | INFO |  Working depth : 2 | end parsing url : https://acmc.gov.au//news
2018-12-03 01:44:46,080 | jongdal | INFO |  Working depth : 2 | end parsing url : https://acmc.gov.au//what-we-do/building-knowledge
2018-12-03 01:44:46,080 | jongdal | INFO |  Working depth : 2 | end parsing url : https://acmc.gov.au//what-we-do/building-knowledge
2018-12-03 01:44:46,185 | jongdal | INFO |  Working depth : 2 | end parsing url : https://acmc.gov.au//what-we-do/building-capability/australian-interagency-preparedness-framework
2018-12-03 01:44:46,185 | jongdal | INFO |  Working depth : 2 | end parsing url : https://acmc.gov.au//what-we-do/building-capability/australian-interagency-preparedness-framework
2018-12-03 01:44:46,313 | jongdal | INFO |  Working depth : 2 | end parsing url : https://acmc.gov.au//themes/custom/acmc/favicon.ico
2018-12-03 01:44:46,313 | jongdal | INFO |  Working depth : 2 | end parsing url : https://acmc.gov.au//themes/custom/acmc/favicon.ico
2018-12-03 01:44:46,617 | jongdal | INFO |  Working depth : 2 | end parsing url : https://acmc.gov.au//how-we-do-it/workshops-and-events
2018-12-03 01:44:46,617 | jongdal | INFO |  Working depth : 2 | end parsing url : https://acmc.gov.au//how-we-do-it/workshops-and-events
2018-12-03 01:44:46,788 | jongdal | INFO |  Working depth : 2 | end parsing url : https://acmc.gov.au//accessibility
2018-12-03 01:44:46,788 | jongdal | INFO |  Working depth : 2 | end parsing url : https://acmc.gov.au//accessibility
2018-12-03 01:44:46,912 | jongdal | INFO |  Working depth : 2 | end parsing url : https://acmc.gov.au//resources/publications/women-peace-and-security-reflections-australian-male-leaders
2018-12-03 01:44:46,912 | jongdal | INFO |  Working depth : 2 | end parsing url : https://acmc.gov.au//resources/publications/women-peace-and-security-reflections-australian-male-leaders
2018-12-03 01:44:47,017 | jongdal | INFO |  Working depth : 2 | end parsing url : https://acmc.gov.au//home
2018-12-03 01:44:47,017 | jongdal | INFO |  Working depth : 2 | end parsing url : https://acmc.gov.au//home
2018-12-03 01:44:47,050 | jongdal | INFO |  Working depth : 2 | end parsing url : https://acmc.gov.au//search/topics/humanitarian-action
2018-12-03 01:44:47,050 | jongdal | INFO |  Working depth : 2 | end parsing url : https://acmc.gov.au//search/topics/humanitarian-action
2018-12-03 01:44:47,261 | jongdal | INFO |  Working depth : 2 | end parsing url : https://acmc.gov.au//why-were-here/international-responses
2018-12-03 01:44:47,261 | jongdal | INFO |  Working depth : 2 | end parsing url : https://acmc.gov.au//why-were-here/international-responses
2018-12-03 01:44:47,383 | jongdal | INFO |  Working depth : 2 | end parsing url : https://acmc.gov.au//search/topics/leadership
2018-12-03 01:44:47,383 | jongdal | INFO |  Working depth : 2 | end parsing url : https://acmc.gov.au//search/topics/leadership
2018-12-03 01:44:47,599 | jongdal | INFO |  Working depth : 2 | end parsing url : https://acmc.gov.au//resources
2018-12-03 01:44:47,599 | jongdal | INFO |  Working depth : 2 | end parsing url : https://acmc.gov.au//resources
2018-12-03 01:44:47,813 | jongdal | INFO |  Working depth : 2 | end parsing url : https://acmc.gov.au//resources/publications/authors/vanda-harris
2018-12-03 01:44:47,813 | jongdal | INFO |  Working depth : 2 | end parsing url : https://acmc.gov.au//resources/publications/authors/vanda-harris
2018-12-03 01:44:47,915 | jongdal | INFO |  Working depth : 2 | end parsing url : https://acmc.gov.au//internship-program
2018-12-03 01:44:47,915 | jongdal | INFO |  Working depth : 2 | end parsing url : https://acmc.gov.au//internship-program
2018-12-03 01:44:47,937 | jongdal | INFO |  Working depth : 2 | end parsing url : https://acmc.gov.au//resources/publications/australian-national-action-plan-women-peace-and-security-2012-2018
2018-12-03 01:44:47,937 | jongdal | INFO |  Working depth : 2 | end parsing url : https://acmc.gov.au//resources/publications/australian-national-action-plan-women-peace-and-security-2012-2018
2018-12-03 01:44:48,126 | jongdal | INFO |  Working depth : 2 | end parsing url : https://acmc.gov.au//careers/current-vacancies
2018-12-03 01:44:48,126 | jongdal | INFO |  Working depth : 2 | end parsing url : https://acmc.gov.au//careers/current-vacancies
2018-12-03 01:44:48,209 | jongdal | INFO |  Working depth : 2 | end parsing url : https://acmc.gov.au//what-we-do/building-capability/exercises
2018-12-03 01:44:48,209 | jongdal | INFO |  Working depth : 2 | end parsing url : https://acmc.gov.au//what-we-do/building-capability/exercises
2018-12-03 01:44:48,295 | jongdal | INFO |  Working depth : 2 | end parsing url : https://acmc.gov.au//what-we-do/building-capability/lessons-and-evaluations
2018-12-03 01:44:48,295 | jongdal | INFO |  Working depth : 2 | end parsing url : https://acmc.gov.au//what-we-do/building-capability/lessons-and-evaluations
2018-12-03 01:44:48,480 | jongdal | INFO |  Working depth : 2 | end parsing url : https://acmc.gov.au//why-were-here/leadership
2018-12-03 01:44:48,480 | jongdal | INFO |  Working depth : 2 | end parsing url : https://acmc.gov.au//why-were-here/leadership
2018-12-03 01:44:49,497 | jongdal | INFO |  Working depth : 2 | start parsing url : https://acmc.gov.au//what-we-do/building-knowledge/research
2018-12-03 01:44:49,601 | jongdal | INFO |  Working depth : 2 | start parsing url : https://acmc.gov.au//resources/publications
2018-12-03 01:44:49,779 | jongdal | INFO |  Working depth : 2 | start parsing url : https://acmc.gov.au//sites/default/files/css/css_R_6vm3WffQ760L7tOso1MrCvb2yhkuMBF96k0UhZ_dw.css?piz8vu
2018-12-03 01:44:49,947 | jongdal | INFO |  Working depth : 2 | start parsing url : https://acmc.gov.au//news/towards-predictable-model
2018-12-03 01:44:50,062 | jongdal | INFO |  Working depth : 2 | start parsing url : https://acmc.gov.au///maxcdn.bootstrapcdn.com/font-awesome/4.5.0/css/font-awesome.min.css
2018-12-03 01:44:50,213 | jongdal | INFO |  Working depth : 2 | start parsing url : https://acmc.gov.au//why-were-here/women-peace-and-security
2018-12-03 01:44:50,368 | jongdal | INFO |  Working depth : 2 | start parsing url : https://acmc.gov.au//what-we-do/building-capability
2018-12-03 01:44:50,563 | jongdal | INFO |  Working depth : 2 | start parsing url : https://acmc.gov.au//who-we-are/our-structure/international-and-domestic-engagement-directorate
2018-12-03 01:44:50,706 | jongdal | INFO |  Working depth : 2 | start parsing url : https://acmc.gov.au//who-we-are/our-people
2018-12-03 01:44:50,802 | jongdal | INFO |  Working depth : 2 | start parsing url : https://acmc.gov.au//resources/publications/authors/eds-helena-studdert
2018-12-03 01:44:50,903 | jongdal | INFO |  Working depth : 2 | start parsing url : https://acmc.gov.au//resources/publications/humanitarian-spaces-understanding-military-ngo-interaction-conflict-and
2018-12-03 01:44:51,013 | jongdal | INFO |  Working depth : 2 | start parsing url : https://acmc.gov.au//sites/default/files/2018-11/ACMC_One%20Page%20Doc_A4_180718.pdf
2018-12-03 01:44:51,143 | jongdal | INFO |  Working depth : 2 | start parsing url : https://acmc.gov.au//disclaimer
2018-12-03 01:44:51,393 | jongdal | INFO |  Working depth : 2 | start parsing url : https://acmc.gov.au//who-we-are/our-structure/advisors-and-seconded-personnel
2018-12-03 01:44:51,533 | jongdal | INFO |  Working depth : 2 | end parsing url : https://acmc.gov.au//sites/default/files/css/css_R_6vm3WffQ760L7tOso1MrCvb2yhkuMBF96k0UhZ_dw.css?piz8vu
2018-12-03 01:44:51,533 | jongdal | INFO |  Working depth : 2 | end parsing url : https://acmc.gov.au//sites/default/files/css/css_R_6vm3WffQ760L7tOso1MrCvb2yhkuMBF96k0UhZ_dw.css?piz8vu
2018-12-03 01:44:51,547 | jongdal | INFO |  Working depth : 2 | start parsing url : https://acmc.gov.au//privacy
2018-12-03 01:44:51,713 | jongdal | INFO |  Working depth : 2 | start parsing url : https://acmc.gov.au//what-we-do/building-knowledge/learning-and-development
2018-12-03 01:44:51,799 | jongdal | INFO |  Working depth : 2 | start parsing url : https://acmc.gov.au//information-publication-scheme
2018-12-03 01:44:51,961 | jongdal | INFO |  Working depth : 2 | start parsing url : https://acmc.gov.au//who-we-are/our-community
2018-12-03 01:44:52,121 | jongdal | INFO |  Working depth : 2 | start parsing url : https://acmc.gov.au//why-were-here/civil-military-police-coordination
2018-12-03 01:44:52,367 | jongdal | INFO |  Working depth : 2 | start parsing url : https://acmc.gov.au//contact-acmc
2018-12-03 01:44:52,542 | jongdal | INFO |  Working depth : 2 | start parsing url : https://acmc.gov.au//why-were-here/disaster-management
2018-12-03 01:44:52,653 | jongdal | INFO |  Working depth : 2 | start parsing url : https://acmc.gov.au//sites/default/files/css/css_Uoq-G5a2y5qOOwIK8sZeRI2qqF0mG05bBLdt-dKXjJc.css?piz8vu
2018-12-03 01:44:52,788 | jongdal | INFO |  Working depth : 2 | start parsing url : https://acmc.gov.au//who-we-are/our-structure/business-operations-and-governance-directorate
2018-12-03 01:44:52,797 | jongdal | INFO |  Working depth : 2 | end parsing url : https://acmc.gov.au//what-we-do/building-knowledge/research
2018-12-03 01:44:52,797 | jongdal | INFO |  Working depth : 2 | end parsing url : https://acmc.gov.au//what-we-do/building-knowledge/research
2018-12-03 01:44:52,897 | jongdal | INFO |  Working depth : 2 | start parsing url : https://acmc.gov.au//why-were-here/humanitarian-action
2018-12-03 01:44:53,049 | jongdal | INFO |  Working depth : 2 | start parsing url : https://acmc.gov.au//who-we-are/our-structure
2018-12-03 01:44:53,073 | jongdal | INFO |  Working depth : 2 | end parsing url : https://acmc.gov.au//resources/publications
2018-12-03 01:44:53,073 | jongdal | INFO |  Working depth : 2 | end parsing url : https://acmc.gov.au//resources/publications
2018-12-03 01:44:53,146 | jongdal | ERROR | HTTP Error 404: Not Found
2018-12-03 01:44:53,146 | jongdal | ERROR | HTTP Error 404: Not Found
2018-12-03 01:44:53,149 | jongdal | ERROR | 'NoneType' object is not iterable
2018-12-03 01:44:53,149 | jongdal | ERROR | 'NoneType' object is not iterable
2018-12-03 01:44:53,149 | jongdal | INFO |  Working depth : 2 | end parsing url : https://acmc.gov.au///maxcdn.bootstrapcdn.com/font-awesome/4.5.0/css/font-awesome.min.css
2018-12-03 01:44:53,149 | jongdal | INFO |  Working depth : 2 | end parsing url : https://acmc.gov.au///maxcdn.bootstrapcdn.com/font-awesome/4.5.0/css/font-awesome.min.css
2018-12-03 01:44:53,260 | jongdal | INFO |  Working depth : 2 | start parsing url : https://acmc.gov.au//careers
2018-12-03 01:44:53,403 | jongdal | INFO |  Working depth : 2 | start parsing url : https://acmc.gov.au//feedback
2018-12-03 01:44:53,406 | jongdal | INFO |  Working depth : 2 | end parsing url : https://acmc.gov.au//news/towards-predictable-model
2018-12-03 01:44:53,406 | jongdal | INFO |  Working depth : 2 | end parsing url : https://acmc.gov.au//news/towards-predictable-model
2018-12-03 01:44:53,517 | jongdal | INFO |  Working depth : 2 | start parsing url : https://acmc.gov.au//who-we-are/acmc-national-security-landscape
2018-12-03 01:44:53,576 | jongdal | INFO |  Working depth : 2 | end parsing url : https://acmc.gov.au//why-were-here/women-peace-and-security
2018-12-03 01:44:53,576 | jongdal | INFO |  Working depth : 2 | end parsing url : https://acmc.gov.au//why-were-here/women-peace-and-security
2018-12-03 01:44:53,677 | jongdal | INFO |  Working depth : 2 | start parsing url : https://acmc.gov.au//who-we-are/our-structure/concepts-and-capability-directorate
2018-12-03 01:44:53,766 | jongdal | INFO |  Working depth : 2 | end parsing url : https://acmc.gov.au//what-we-do/building-capability
2018-12-03 01:44:53,766 | jongdal | INFO |  Working depth : 2 | end parsing url : https://acmc.gov.au//what-we-do/building-capability
2018-12-03 01:44:53,824 | jongdal | INFO |  Working depth : 2 | start parsing url : https://acmc.gov.au//news/australian-assistance-philippines-beyond-here-and-now
2018-12-03 01:44:53,862 | jongdal | INFO |  Working depth : 2 | end parsing url : https://acmc.gov.au//who-we-are/our-structure/international-and-domestic-engagement-directorate
2018-12-03 01:44:53,862 | jongdal | INFO |  Working depth : 2 | end parsing url : https://acmc.gov.au//who-we-are/our-structure/international-and-domestic-engagement-directorate
2018-12-03 01:44:53,951 | jongdal | INFO |  Working depth : 2 | start parsing url : https://acmc.gov.au//search/topics/civil-military-police-operations
2018-12-03 01:44:54,070 | jongdal | INFO |  Working depth : 2 | end parsing url : https://acmc.gov.au//resources/publications/authors/eds-helena-studdert
2018-12-03 01:44:54,070 | jongdal | INFO |  Working depth : 2 | end parsing url : https://acmc.gov.au//resources/publications/authors/eds-helena-studdert
2018-12-03 01:44:54,227 | jongdal | INFO |  Working depth : 2 | end parsing url : https://acmc.gov.au//who-we-are/our-people
2018-12-03 01:44:54,227 | jongdal | INFO |  Working depth : 2 | end parsing url : https://acmc.gov.au//who-we-are/our-people
2018-12-03 01:44:54,245 | jongdal | INFO |  Working depth : 2 | end parsing url : https://acmc.gov.au//resources/publications/humanitarian-spaces-understanding-military-ngo-interaction-conflict-and
2018-12-03 01:44:54,245 | jongdal | INFO |  Working depth : 2 | end parsing url : https://acmc.gov.au//resources/publications/humanitarian-spaces-understanding-military-ngo-interaction-conflict-and
2018-12-03 01:44:54,314 | jongdal | INFO |  Working depth : 2 | end parsing url : https://acmc.gov.au//sites/default/files/css/css_Uoq-G5a2y5qOOwIK8sZeRI2qqF0mG05bBLdt-dKXjJc.css?piz8vu
2018-12-03 01:44:54,314 | jongdal | INFO |  Working depth : 2 | end parsing url : https://acmc.gov.au//sites/default/files/css/css_Uoq-G5a2y5qOOwIK8sZeRI2qqF0mG05bBLdt-dKXjJc.css?piz8vu
2018-12-03 01:44:54,488 | jongdal | INFO |  Working depth : 2 | end parsing url : https://acmc.gov.au//disclaimer
2018-12-03 01:44:54,488 | jongdal | INFO |  Working depth : 2 | end parsing url : https://acmc.gov.au//disclaimer
2018-12-03 01:44:54,746 | jongdal | INFO |  Working depth : 2 | end parsing url : https://acmc.gov.au//who-we-are/our-structure/advisors-and-seconded-personnel
2018-12-03 01:44:54,746 | jongdal | INFO |  Working depth : 2 | end parsing url : https://acmc.gov.au//who-we-are/our-structure/advisors-and-seconded-personnel
2018-12-03 01:44:55,083 | jongdal | INFO |  Working depth : 2 | end parsing url : https://acmc.gov.au//privacy
2018-12-03 01:44:55,083 | jongdal | INFO |  Working depth : 2 | end parsing url : https://acmc.gov.au//privacy
2018-12-03 01:44:55,116 | jongdal | INFO |  Working depth : 2 | end parsing url : https://acmc.gov.au//what-we-do/building-knowledge/learning-and-development
2018-12-03 01:44:55,116 | jongdal | INFO |  Working depth : 2 | end parsing url : https://acmc.gov.au//what-we-do/building-knowledge/learning-and-development
2018-12-03 01:44:55,213 | jongdal | INFO |  Working depth : 2 | end parsing url : https://acmc.gov.au//information-publication-scheme
2018-12-03 01:44:55,213 | jongdal | INFO |  Working depth : 2 | end parsing url : https://acmc.gov.au//information-publication-scheme
2018-12-03 01:44:55,308 | jongdal | INFO |  Working depth : 2 | end parsing url : https://acmc.gov.au//who-we-are/our-community
2018-12-03 01:44:55,308 | jongdal | INFO |  Working depth : 2 | end parsing url : https://acmc.gov.au//who-we-are/our-community
2018-12-03 01:44:55,390 | jongdal | INFO |  Working depth : 2 | end parsing url : https://acmc.gov.au//why-were-here/civil-military-police-coordination
2018-12-03 01:44:55,390 | jongdal | INFO |  Working depth : 2 | end parsing url : https://acmc.gov.au//why-were-here/civil-military-police-coordination
2018-12-03 01:44:56,004 | jongdal | INFO |  Working depth : 2 | end parsing url : https://acmc.gov.au//why-were-here/disaster-management
2018-12-03 01:44:56,004 | jongdal | INFO |  Working depth : 2 | end parsing url : https://acmc.gov.au//why-were-here/disaster-management
2018-12-03 01:44:56,036 | jongdal | INFO |  Working depth : 2 | end parsing url : https://acmc.gov.au//who-we-are/our-structure/business-operations-and-governance-directorate
2018-12-03 01:44:56,036 | jongdal | INFO |  Working depth : 2 | end parsing url : https://acmc.gov.au//who-we-are/our-structure/business-operations-and-governance-directorate
2018-12-03 01:44:56,272 | jongdal | INFO |  Working depth : 2 | end parsing url : https://acmc.gov.au//why-were-here/humanitarian-action
2018-12-03 01:44:56,272 | jongdal | INFO |  Working depth : 2 | end parsing url : https://acmc.gov.au//why-were-here/humanitarian-action
2018-12-03 01:44:56,380 | jongdal | INFO |  Working depth : 2 | end parsing url : https://acmc.gov.au//who-we-are/our-structure
2018-12-03 01:44:56,380 | jongdal | INFO |  Working depth : 2 | end parsing url : https://acmc.gov.au//who-we-are/our-structure
2018-12-03 01:44:56,402 | jongdal | INFO |  Working depth : 2 | end parsing url : https://acmc.gov.au//contact-acmc
2018-12-03 01:44:56,402 | jongdal | INFO |  Working depth : 2 | end parsing url : https://acmc.gov.au//contact-acmc
2018-12-03 01:44:56,468 | jongdal | INFO |  Working depth : 2 | end parsing url : https://acmc.gov.au//careers
2018-12-03 01:44:56,468 | jongdal | INFO |  Working depth : 2 | end parsing url : https://acmc.gov.au//careers
2018-12-03 01:44:56,619 | jongdal | INFO |  Working depth : 2 | end parsing url : https://acmc.gov.au//who-we-are/acmc-national-security-landscape
2018-12-03 01:44:56,619 | jongdal | INFO |  Working depth : 2 | end parsing url : https://acmc.gov.au//who-we-are/acmc-national-security-landscape
2018-12-03 01:44:56,816 | jongdal | INFO |  Working depth : 2 | end parsing url : https://acmc.gov.au//who-we-are/our-structure/concepts-and-capability-directorate
2018-12-03 01:44:56,816 | jongdal | INFO |  Working depth : 2 | end parsing url : https://acmc.gov.au//who-we-are/our-structure/concepts-and-capability-directorate
2018-12-03 01:44:56,968 | jongdal | INFO |  Working depth : 2 | end parsing url : https://acmc.gov.au//news/australian-assistance-philippines-beyond-here-and-now
2018-12-03 01:44:56,968 | jongdal | INFO |  Working depth : 2 | end parsing url : https://acmc.gov.au//news/australian-assistance-philippines-beyond-here-and-now
2018-12-03 01:44:57,093 | jongdal | INFO |  Working depth : 2 | end parsing url : https://acmc.gov.au//search/topics/civil-military-police-operations
2018-12-03 01:44:57,093 | jongdal | INFO |  Working depth : 2 | end parsing url : https://acmc.gov.au//search/topics/civil-military-police-operations
2018-12-03 01:44:57,214 | jongdal | INFO |  Working depth : 2 | end parsing url : https://acmc.gov.au//feedback
2018-12-03 01:44:57,214 | jongdal | INFO |  Working depth : 2 | end parsing url : https://acmc.gov.au//feedback
2018-12-03 01:45:01,271 | jongdal | INFO |  Working depth : 2 | start parsing url : https://acmc.gov.au//how-we-do-it
2018-12-03 01:45:01,432 | jongdal | INFO |  Working depth : 2 | start parsing url : https://acmc.gov.au//careers/culture
2018-12-03 01:45:01,542 | jongdal | INFO |  Working depth : 2 | start parsing url : https://acmc.gov.au//resources/videos/video-leading-together
2018-12-03 01:45:01,665 | jongdal | INFO |  Working depth : 2 | start parsing url : https://acmc.gov.au//who-we-are
2018-12-03 01:45:01,779 | jongdal | INFO |  Working depth : 2 | start parsing url : https://acmc.gov.au//resources/publications/authors/sarah-shteir
2018-12-03 01:45:02,011 | jongdal | INFO |  Working depth : 2 | start parsing url : https://acmc.gov.au//search/topics/training
2018-12-03 01:45:02,134 | jongdal | INFO |  Working depth : 2 | start parsing url : https://acmc.gov.au//terms-of-use
2018-12-03 01:45:02,294 | jongdal | INFO |  Working depth : 2 | start parsing url : https://acmc.gov.au//search/topics/protection-of-civilians
2018-12-03 01:45:02,372 | jongdal | INFO |  Working depth : 2 | start parsing url : https://acmc.gov.au//search/topics/civ-mil-interactionsrelations
2018-12-03 01:45:02,523 | jongdal | INFO |  Working depth : 2 | start parsing url : https://acmc.gov.au//search/topics/gender-studies
2018-12-03 01:45:02,690 | jongdal | INFO |  Working depth : 2 | start parsing url : https://acmc.gov.au//search/topics/preparedness
2018-12-03 01:45:02,905 | jongdal | INFO |  Working depth : 2 | start parsing url : https://acmc.gov.au//what-we-do/leading-conversations
2018-12-03 01:45:03,064 | jongdal | INFO |  Working depth : 2 | start parsing url : https://acmc.gov.au//sites/default/files/css/css_VoWiKX-64SprhFNhykK8qUBc0Ah0edRoE94Qxp74c3c.css?piz8vu
2018-12-03 01:45:03,238 | jongdal | INFO |  Working depth : 2 | start parsing url : https://acmc.gov.au//
2018-12-03 01:45:03,330 | jongdal | INFO |  Working depth : 2 | start parsing url : https://acmc.gov.au//why-were-here/protection-of-civilians
2018-12-03 01:45:03,483 | jongdal | INFO |  Working depth : 2 | start parsing url : https://acmc.gov.au//what-we-do/building-knowledge/learning-and-development/education-civ-mil-pol-world
2018-12-03 01:45:03,588 | jongdal | INFO |  Working depth : 2 | start parsing url : https://acmc.gov.au//freedom-of-information
2018-12-03 01:45:03,752 | jongdal | INFO |  Working depth : 2 | start parsing url : https://acmc.gov.au//search/topics/women-peace-and-security
2018-12-03 01:45:03,915 | jongdal | INFO |  Working depth : 2 | start parsing url : https://acmc.gov.au//resources/videos
2018-12-03 01:45:04,042 | jongdal | INFO |  Working depth : 2 | start parsing url : https://acmc.gov.au//why-were-here
2018-12-03 01:45:04,137 | jongdal | INFO |  Working depth : 2 | start parsing url : https://acmc.gov.au//search/topics/lessonsevaluations
2018-12-03 01:45:04,579 | jongdal | INFO |  Working depth : 2 | end parsing url : https://acmc.gov.au//how-we-do-it
2018-12-03 01:45:04,579 | jongdal | INFO |  Working depth : 2 | end parsing url : https://acmc.gov.au//how-we-do-it
2018-12-03 01:45:04,822 | jongdal | INFO |  Working depth : 2 | end parsing url : https://acmc.gov.au//careers/culture
2018-12-03 01:45:04,822 | jongdal | INFO |  Working depth : 2 | end parsing url : https://acmc.gov.au//careers/culture
2018-12-03 01:45:04,904 | jongdal | INFO |  Working depth : 2 | end parsing url : https://acmc.gov.au//resources/videos/video-leading-together
2018-12-03 01:45:04,904 | jongdal | INFO |  Working depth : 2 | end parsing url : https://acmc.gov.au//resources/videos/video-leading-together
2018-12-03 01:45:04,999 | jongdal | INFO |  Working depth : 2 | end parsing url : https://acmc.gov.au//who-we-are
2018-12-03 01:45:04,999 | jongdal | INFO |  Working depth : 2 | end parsing url : https://acmc.gov.au//who-we-are
2018-12-03 01:45:05,010 | jongdal | INFO |  Working depth : 2 | end parsing url : https://acmc.gov.au//resources/publications/authors/sarah-shteir
2018-12-03 01:45:05,010 | jongdal | INFO |  Working depth : 2 | end parsing url : https://acmc.gov.au//resources/publications/authors/sarah-shteir
2018-12-03 01:45:05,456 | jongdal | INFO |  Working depth : 2 | end parsing url : https://acmc.gov.au//search/topics/training
2018-12-03 01:45:05,456 | jongdal | INFO |  Working depth : 2 | end parsing url : https://acmc.gov.au//search/topics/training
2018-12-03 01:45:05,488 | jongdal | INFO |  Working depth : 2 | end parsing url : https://acmc.gov.au//terms-of-use
2018-12-03 01:45:05,488 | jongdal | INFO |  Working depth : 2 | end parsing url : https://acmc.gov.au//terms-of-use
2018-12-03 01:45:05,565 | jongdal | INFO |  Working depth : 2 | end parsing url : https://acmc.gov.au//sites/default/files/css/css_VoWiKX-64SprhFNhykK8qUBc0Ah0edRoE94Qxp74c3c.css?piz8vu
2018-12-03 01:45:05,565 | jongdal | INFO |  Working depth : 2 | end parsing url : https://acmc.gov.au//sites/default/files/css/css_VoWiKX-64SprhFNhykK8qUBc0Ah0edRoE94Qxp74c3c.css?piz8vu
2018-12-03 01:45:05,779 | jongdal | INFO |  Working depth : 2 | end parsing url : https://acmc.gov.au//search/topics/protection-of-civilians
2018-12-03 01:45:05,779 | jongdal | INFO |  Working depth : 2 | end parsing url : https://acmc.gov.au//search/topics/protection-of-civilians
2018-12-03 01:45:05,812 | jongdal | INFO |  Working depth : 2 | end parsing url : https://acmc.gov.au//search/topics/civ-mil-interactionsrelations
2018-12-03 01:45:05,812 | jongdal | INFO |  Working depth : 2 | end parsing url : https://acmc.gov.au//search/topics/civ-mil-interactionsrelations
2018-12-03 01:45:05,917 | jongdal | INFO |  Working depth : 2 | end parsing url : https://acmc.gov.au//search/topics/gender-studies
2018-12-03 01:45:05,917 | jongdal | INFO |  Working depth : 2 | end parsing url : https://acmc.gov.au//search/topics/gender-studies
2018-12-03 01:45:06,001 | jongdal | INFO |  Working depth : 2 | end parsing url : https://acmc.gov.au//search/topics/preparedness
2018-12-03 01:45:06,001 | jongdal | INFO |  Working depth : 2 | end parsing url : https://acmc.gov.au//search/topics/preparedness
2018-12-03 01:45:06,366 | jongdal | INFO |  Working depth : 2 | end parsing url : https://acmc.gov.au//what-we-do/leading-conversations
2018-12-03 01:45:06,366 | jongdal | INFO |  Working depth : 2 | end parsing url : https://acmc.gov.au//what-we-do/leading-conversations
2018-12-03 01:45:06,563 | jongdal | INFO |  Working depth : 2 | end parsing url : https://acmc.gov.au//
2018-12-03 01:45:06,563 | jongdal | INFO |  Working depth : 2 | end parsing url : https://acmc.gov.au//
2018-12-03 01:45:06,573 | jongdal | INFO |  Working depth : 2 | end parsing url : https://acmc.gov.au//why-were-here/protection-of-civilians
2018-12-03 01:45:06,573 | jongdal | INFO |  Working depth : 2 | end parsing url : https://acmc.gov.au//why-were-here/protection-of-civilians
2018-12-03 01:45:06,723 | jongdal | INFO |  Working depth : 2 | end parsing url : https://acmc.gov.au//what-we-do/building-knowledge/learning-and-development/education-civ-mil-pol-world
2018-12-03 01:45:06,723 | jongdal | INFO |  Working depth : 2 | end parsing url : https://acmc.gov.au//what-we-do/building-knowledge/learning-and-development/education-civ-mil-pol-world
2018-12-03 01:45:06,753 | jongdal | INFO |  Working depth : 2 | end parsing url : https://acmc.gov.au//freedom-of-information
2018-12-03 01:45:06,753 | jongdal | INFO |  Working depth : 2 | end parsing url : https://acmc.gov.au//freedom-of-information
2018-12-03 01:45:06,901 | jongdal | INFO |  Working depth : 2 | end parsing url : https://acmc.gov.au//search/topics/women-peace-and-security
2018-12-03 01:45:06,901 | jongdal | INFO |  Working depth : 2 | end parsing url : https://acmc.gov.au//search/topics/women-peace-and-security
2018-12-03 01:45:06,970 | jongdal | INFO |  Working depth : 2 | end parsing url : https://acmc.gov.au//resources/videos
2018-12-03 01:45:06,970 | jongdal | INFO |  Working depth : 2 | end parsing url : https://acmc.gov.au//resources/videos
2018-12-03 01:45:07,082 | jongdal | INFO |  Working depth : 2 | end parsing url : https://acmc.gov.au//why-were-here
2018-12-03 01:45:07,082 | jongdal | INFO |  Working depth : 2 | end parsing url : https://acmc.gov.au//why-were-here
2018-12-03 01:45:07,133 | jongdal | INFO |  Working depth : 2 | end parsing url : https://acmc.gov.au//search/topics/lessonsevaluations
2018-12-03 01:45:07,133 | jongdal | INFO |  Working depth : 2 | end parsing url : https://acmc.gov.au//search/topics/lessonsevaluations
2018-12-03 01:45:11,770 | jongdal | INFO |  Working depth : 2 | end parsing url : https://acmc.gov.au//sites/default/files/2018-11/ACMC_One%20Page%20Doc_A4_180718.pdf
2018-12-03 01:45:11,770 | jongdal | INFO |  Working depth : 2 | end parsing url : https://acmc.gov.au//sites/default/files/2018-11/ACMC_One%20Page%20Doc_A4_180718.pdf
